<?xml version="1.0" encoding="UTF-8"?>
<!-- Generated by org.testng.reporters.JUnitXMLReporter -->
<testsuite ignored="6" hostname="DESKTOP-QJ68L76" failures="0" tests="3" name="Test" time="124.503" errors="0" timestamp="2021-12-16T12:41:41 IST">
  <testcase classname="com.Vtiger.TC.TC002_CreateOrganizationWithDropdownTest" name="CreateOrganizationWithDropdown" time="29.927"/>
  <testcase classname="com.Vtiger.TC.TC003_CreateContactWithOrganizationTest" name="createContact" time="22.824"/>
  <testcase classname="com.Vtiger.TC.TC001_CreateOrganizationTest" name="createOrgWithPhonenumber" time="26.046"/>
  <testcase classname="com.Vtiger.TC.TC003_CreateContactWithOrganizationTest" name="createContactwithOrgname" time="0.0">
    <ignored/>
  </testcase> <!-- createContactwithOrgname -->
  <testcase classname="com.Vtiger.TC.TC001_CreateOrganizationTest" name="createOrganization" time="0.0">
    <ignored/>
  </testcase> <!-- createOrganization -->
  <testcase classname="com.VTiger.genericUtil.BaseClass" name="@BeforeSuite setUp" time="0.0">
    <ignored/>
  </testcase> <!-- @BeforeSuite setUp -->
  <testcase classname="com.VTiger.genericUtil.BaseClass" name="@BeforeSuite setUp" time="0.0">
    <ignored/>
  </testcase> <!-- @BeforeSuite setUp -->
  <testcase classname="com.VTiger.genericUtil.BaseClass" name="@AfterSuite disconnectFromDatabase" time="0.0">
    <ignored/>
  </testcase> <!-- @AfterSuite disconnectFromDatabase -->
  <testcase classname="com.VTiger.genericUtil.BaseClass" name="@AfterSuite disconnectFromDatabase" time="0.0">
    <ignored/>
  </testcase> <!-- @AfterSuite disconnectFromDatabase -->
</testsuite> <!-- Test -->
