<?xml version="1.0" encoding="UTF-8"?>
<!-- Generated by org.testng.reporters.JUnitXMLReporter -->
<testsuite ignored="0" hostname="DESKTOP-QJ68L76" failures="0" tests="2" name="TestRunner3" time="81.408" errors="0" timestamp="2021-12-09T11:55:42 IST">
  <testcase classname="com.Vtiger.TC.TC003_CreateContactWithOrganizationTest" name="createContact" time="28.901"/>
  <testcase classname="com.Vtiger.TC.TC003_CreateContactWithOrganizationTest" name="createContactwithOrgname" time="25.117"/>
</testsuite> <!-- TestRunner3 -->
