<?xml version="1.0" encoding="UTF-8"?>
<!-- Generated by org.testng.reporters.JUnitXMLReporter -->
<testsuite ignored="0" hostname="DESKTOP-QJ68L76" failures="0" tests="2" name="Test2" time="74.522" errors="0" timestamp="2021-12-08T12:11:41 IST">
  <testcase classname="com.Vtiger.TC.TC003_CreateContactWithOrganizationTest" name="createContact" time="22.912"/>
  <testcase classname="com.Vtiger.TC.TC003_CreateContactWithOrganizationTest" name="createContactwithOrgname" time="25.892"/>
</testsuite> <!-- Test2 -->
